Determining if the pthread_create exist failed with the following output:
Change Dir: /home/sahilsaxena/ros_workspaces/lab8/build/CMakeFiles/CMakeTmp

Run Build Command:"/usr/bin/make" "cmTC_41017/fast"
/usr/bin/make -f CMakeFiles/cmTC_41017.dir/build.make CMakeFiles/cmTC_41017.dir/build
make[1]: Entering directory '/home/sahilsaxena/ros_workspaces/lab8/build/CMakeFiles/CMakeTmp'
Building C object CMakeFiles/cmTC_41017.dir/CheckSymbolExists.c.o
/usr/bin/cc     -o CMakeFiles/cmTC_41017.dir/CheckSymbolExists.c.o   -c /home/sahilsaxena/ros_workspaces/lab8/build/CMakeFiles/CMakeTmp/CheckSymbolExists.c
Linking C executable cmTC_41017
/usr/bin/cmake -E cmake_link_script CMakeFiles/cmTC_41017.dir/link.txt --verbose=1
/usr/bin/cc       CMakeFiles/cmTC_41017.dir/CheckSymbolExists.c.o  -o cmTC_41017 -rdynamic 
CMakeFiles/cmTC_41017.dir/CheckSymbolExists.c.o: In function `main':
CheckSymbolExists.c:(.text+0x16): undefined reference to `pthread_create'
collect2: error: ld returned 1 exit status
CMakeFiles/cmTC_41017.dir/build.make:97: recipe for target 'cmTC_41017' failed
make[1]: *** [cmTC_41017] Error 1
make[1]: Leaving directory '/home/sahilsaxena/ros_workspaces/lab8/build/CMakeFiles/CMakeTmp'
Makefile:126: recipe for target 'cmTC_41017/fast' failed
make: *** [cmTC_41017/fast] Error 2

File /home/sahilsaxena/ros_workspaces/lab8/build/CMakeFiles/CMakeTmp/CheckSymbolExists.c:
/* */
#include <pthread.h>

int main(int argc, char** argv)
{
  (void)argv;
#ifndef pthread_create
  return ((int*)(&pthread_create))[argc];
#else
  (void)argc;
  return 0;
#endif
}

Determining if the function pthread_create exists in the pthreads failed with the following output:
Change Dir: /home/sahilsaxena/ros_workspaces/lab8/build/CMakeFiles/CMakeTmp

Run Build Command:"/usr/bin/make" "cmTC_61d54/fast"
/usr/bin/make -f CMakeFiles/cmTC_61d54.dir/build.make CMakeFiles/cmTC_61d54.dir/build
make[1]: Entering directory '/home/sahilsaxena/ros_workspaces/lab8/build/CMakeFiles/CMakeTmp'
Building C object CMakeFiles/cmTC_61d54.dir/CheckFunctionExists.c.o
/usr/bin/cc    -DCHECK_FUNCTION_EXISTS=pthread_create   -o CMakeFiles/cmTC_61d54.dir/CheckFunctionExists.c.o   -c /usr/share/cmake-3.5/Modules/CheckFunctionExists.c
Linking C executable cmTC_61d54
/usr/bin/cmake -E cmake_link_script CMakeFiles/cmTC_61d54.dir/link.txt --verbose=1
/usr/bin/cc   -DCHECK_FUNCTION_EXISTS=pthread_create    CMakeFiles/cmTC_61d54.dir/CheckFunctionExists.c.o  -o cmTC_61d54 -rdynamic -lpthreads 
/usr/bin/ld: cannot find -lpthreads
collect2: error: ld returned 1 exit status
CMakeFiles/cmTC_61d54.dir/build.make:97: recipe for target 'cmTC_61d54' failed
make[1]: *** [cmTC_61d54] Error 1
make[1]: Leaving directory '/home/sahilsaxena/ros_workspaces/lab8/build/CMakeFiles/CMakeTmp'
Makefile:126: recipe for target 'cmTC_61d54/fast' failed
make: *** [cmTC_61d54/fast] Error 2


Determining if the Q_WS_WIN exist failed with the following output:
Change Dir: /home/sahilsaxena/ros_workspaces/lab8/build/CMakeFiles/CMakeTmp

Run Build Command:"/usr/bin/make" "cmTC_69c3f/fast"
/usr/bin/make -f CMakeFiles/cmTC_69c3f.dir/build.make CMakeFiles/cmTC_69c3f.dir/build
make[1]: Entering directory '/home/sahilsaxena/ros_workspaces/lab8/build/CMakeFiles/CMakeTmp'
Building CXX object CMakeFiles/cmTC_69c3f.dir/CheckSymbolExists.cxx.o
/usr/bin/c++    -I/usr/include/qt4   -o CMakeFiles/cmTC_69c3f.dir/CheckSymbolExists.cxx.o -c /home/sahilsaxena/ros_workspaces/lab8/build/CMakeFiles/CMakeTmp/CheckSymbolExists.cxx
/home/sahilsaxena/ros_workspaces/lab8/build/CMakeFiles/CMakeTmp/CheckSymbolExists.cxx: In function ‘int main(int, char**)’:
/home/sahilsaxena/ros_workspaces/lab8/build/CMakeFiles/CMakeTmp/CheckSymbolExists.cxx:8:19: error: ‘Q_WS_WIN’ was not declared in this scope
   return ((int*)(&Q_WS_WIN))[argc];
                   ^
CMakeFiles/cmTC_69c3f.dir/build.make:65: recipe for target 'CMakeFiles/cmTC_69c3f.dir/CheckSymbolExists.cxx.o' failed
make[1]: *** [CMakeFiles/cmTC_69c3f.dir/CheckSymbolExists.cxx.o] Error 1
make[1]: Leaving directory '/home/sahilsaxena/ros_workspaces/lab8/build/CMakeFiles/CMakeTmp'
Makefile:126: recipe for target 'cmTC_69c3f/fast' failed
make: *** [cmTC_69c3f/fast] Error 2

File /home/sahilsaxena/ros_workspaces/lab8/build/CMakeFiles/CMakeTmp/CheckSymbolExists.cxx:
/* */
#include <QtCore/qglobal.h>

int main(int argc, char** argv)
{
  (void)argv;
#ifndef Q_WS_WIN
  return ((int*)(&Q_WS_WIN))[argc];
#else
  (void)argc;
  return 0;
#endif
}

Determining if the Q_WS_QWS exist failed with the following output:
Change Dir: /home/sahilsaxena/ros_workspaces/lab8/build/CMakeFiles/CMakeTmp

Run Build Command:"/usr/bin/make" "cmTC_b89ee/fast"
/usr/bin/make -f CMakeFiles/cmTC_b89ee.dir/build.make CMakeFiles/cmTC_b89ee.dir/build
make[1]: Entering directory '/home/sahilsaxena/ros_workspaces/lab8/build/CMakeFiles/CMakeTmp'
Building CXX object CMakeFiles/cmTC_b89ee.dir/CheckSymbolExists.cxx.o
/usr/bin/c++    -I/usr/include/qt4   -o CMakeFiles/cmTC_b89ee.dir/CheckSymbolExists.cxx.o -c /home/sahilsaxena/ros_workspaces/lab8/build/CMakeFiles/CMakeTmp/CheckSymbolExists.cxx
/home/sahilsaxena/ros_workspaces/lab8/build/CMakeFiles/CMakeTmp/CheckSymbolExists.cxx: In function ‘int main(int, char**)’:
/home/sahilsaxena/ros_workspaces/lab8/build/CMakeFiles/CMakeTmp/CheckSymbolExists.cxx:8:19: error: ‘Q_WS_QWS’ was not declared in this scope
   return ((int*)(&Q_WS_QWS))[argc];
                   ^
CMakeFiles/cmTC_b89ee.dir/build.make:65: recipe for target 'CMakeFiles/cmTC_b89ee.dir/CheckSymbolExists.cxx.o' failed
make[1]: *** [CMakeFiles/cmTC_b89ee.dir/CheckSymbolExists.cxx.o] Error 1
make[1]: Leaving directory '/home/sahilsaxena/ros_workspaces/lab8/build/CMakeFiles/CMakeTmp'
Makefile:126: recipe for target 'cmTC_b89ee/fast' failed
make: *** [cmTC_b89ee/fast] Error 2

File /home/sahilsaxena/ros_workspaces/lab8/build/CMakeFiles/CMakeTmp/CheckSymbolExists.cxx:
/* */
#include <QtCore/qglobal.h>

int main(int argc, char** argv)
{
  (void)argv;
#ifndef Q_WS_QWS
  return ((int*)(&Q_WS_QWS))[argc];
#else
  (void)argc;
  return 0;
#endif
}

Determining if the Q_WS_MAC exist failed with the following output:
Change Dir: /home/sahilsaxena/ros_workspaces/lab8/build/CMakeFiles/CMakeTmp

Run Build Command:"/usr/bin/make" "cmTC_dbd17/fast"
/usr/bin/make -f CMakeFiles/cmTC_dbd17.dir/build.make CMakeFiles/cmTC_dbd17.dir/build
make[1]: Entering directory '/home/sahilsaxena/ros_workspaces/lab8/build/CMakeFiles/CMakeTmp'
Building CXX object CMakeFiles/cmTC_dbd17.dir/CheckSymbolExists.cxx.o
/usr/bin/c++    -I/usr/include/qt4   -o CMakeFiles/cmTC_dbd17.dir/CheckSymbolExists.cxx.o -c /home/sahilsaxena/ros_workspaces/lab8/build/CMakeFiles/CMakeTmp/CheckSymbolExists.cxx
/home/sahilsaxena/ros_workspaces/lab8/build/CMakeFiles/CMakeTmp/CheckSymbolExists.cxx: In function ‘int main(int, char**)’:
/home/sahilsaxena/ros_workspaces/lab8/build/CMakeFiles/CMakeTmp/CheckSymbolExists.cxx:8:19: error: ‘Q_WS_MAC’ was not declared in this scope
   return ((int*)(&Q_WS_MAC))[argc];
                   ^
CMakeFiles/cmTC_dbd17.dir/build.make:65: recipe for target 'CMakeFiles/cmTC_dbd17.dir/CheckSymbolExists.cxx.o' failed
make[1]: *** [CMakeFiles/cmTC_dbd17.dir/CheckSymbolExists.cxx.o] Error 1
make[1]: Leaving directory '/home/sahilsaxena/ros_workspaces/lab8/build/CMakeFiles/CMakeTmp'
Makefile:126: recipe for target 'cmTC_dbd17/fast' failed
make: *** [cmTC_dbd17/fast] Error 2

File /home/sahilsaxena/ros_workspaces/lab8/build/CMakeFiles/CMakeTmp/CheckSymbolExists.cxx:
/* */
#include <QtCore/qglobal.h>

int main(int argc, char** argv)
{
  (void)argv;
#ifndef Q_WS_MAC
  return ((int*)(&Q_WS_MAC))[argc];
#else
  (void)argc;
  return 0;
#endif
}

