Determining if the pthread_create exist failed with the following output:
Change Dir: /home/sahilsaxena/ros_workspaces/lab4/build/CMakeFiles/CMakeTmp

Run Build Command:"/usr/bin/make" "cmTC_4308b/fast"
/usr/bin/make -f CMakeFiles/cmTC_4308b.dir/build.make CMakeFiles/cmTC_4308b.dir/build
make[1]: Entering directory '/home/sahilsaxena/ros_workspaces/lab4/build/CMakeFiles/CMakeTmp'
Building C object CMakeFiles/cmTC_4308b.dir/CheckSymbolExists.c.o
/usr/bin/cc     -o CMakeFiles/cmTC_4308b.dir/CheckSymbolExists.c.o   -c /home/sahilsaxena/ros_workspaces/lab4/build/CMakeFiles/CMakeTmp/CheckSymbolExists.c
Linking C executable cmTC_4308b
/usr/bin/cmake -E cmake_link_script CMakeFiles/cmTC_4308b.dir/link.txt --verbose=1
/usr/bin/cc       CMakeFiles/cmTC_4308b.dir/CheckSymbolExists.c.o  -o cmTC_4308b -rdynamic 
CMakeFiles/cmTC_4308b.dir/CheckSymbolExists.c.o: In function `main':
CheckSymbolExists.c:(.text+0x16): undefined reference to `pthread_create'
collect2: error: ld returned 1 exit status
CMakeFiles/cmTC_4308b.dir/build.make:97: recipe for target 'cmTC_4308b' failed
make[1]: *** [cmTC_4308b] Error 1
make[1]: Leaving directory '/home/sahilsaxena/ros_workspaces/lab4/build/CMakeFiles/CMakeTmp'
Makefile:126: recipe for target 'cmTC_4308b/fast' failed
make: *** [cmTC_4308b/fast] Error 2

File /home/sahilsaxena/ros_workspaces/lab4/build/CMakeFiles/CMakeTmp/CheckSymbolExists.c:
/* */
#include <pthread.h>

int main(int argc, char** argv)
{
  (void)argv;
#ifndef pthread_create
  return ((int*)(&pthread_create))[argc];
#else
  (void)argc;
  return 0;
#endif
}

Determining if the function pthread_create exists in the pthreads failed with the following output:
Change Dir: /home/sahilsaxena/ros_workspaces/lab4/build/CMakeFiles/CMakeTmp

Run Build Command:"/usr/bin/make" "cmTC_4d9fa/fast"
/usr/bin/make -f CMakeFiles/cmTC_4d9fa.dir/build.make CMakeFiles/cmTC_4d9fa.dir/build
make[1]: Entering directory '/home/sahilsaxena/ros_workspaces/lab4/build/CMakeFiles/CMakeTmp'
Building C object CMakeFiles/cmTC_4d9fa.dir/CheckFunctionExists.c.o
/usr/bin/cc    -DCHECK_FUNCTION_EXISTS=pthread_create   -o CMakeFiles/cmTC_4d9fa.dir/CheckFunctionExists.c.o   -c /usr/share/cmake-3.5/Modules/CheckFunctionExists.c
Linking C executable cmTC_4d9fa
/usr/bin/cmake -E cmake_link_script CMakeFiles/cmTC_4d9fa.dir/link.txt --verbose=1
/usr/bin/cc   -DCHECK_FUNCTION_EXISTS=pthread_create    CMakeFiles/cmTC_4d9fa.dir/CheckFunctionExists.c.o  -o cmTC_4d9fa -rdynamic -lpthreads 
/usr/bin/ld: cannot find -lpthreads
collect2: error: ld returned 1 exit status
CMakeFiles/cmTC_4d9fa.dir/build.make:97: recipe for target 'cmTC_4d9fa' failed
make[1]: *** [cmTC_4d9fa] Error 1
make[1]: Leaving directory '/home/sahilsaxena/ros_workspaces/lab4/build/CMakeFiles/CMakeTmp'
Makefile:126: recipe for target 'cmTC_4d9fa/fast' failed
make: *** [cmTC_4d9fa/fast] Error 2


Determining if the Q_WS_WIN exist failed with the following output:
Change Dir: /home/sahilsaxena/ros_workspaces/lab4/build/CMakeFiles/CMakeTmp

Run Build Command:"/usr/bin/make" "cmTC_292cc/fast"
/usr/bin/make -f CMakeFiles/cmTC_292cc.dir/build.make CMakeFiles/cmTC_292cc.dir/build
make[1]: Entering directory '/home/sahilsaxena/ros_workspaces/lab4/build/CMakeFiles/CMakeTmp'
Building CXX object CMakeFiles/cmTC_292cc.dir/CheckSymbolExists.cxx.o
/usr/bin/c++    -I/usr/include/qt4   -o CMakeFiles/cmTC_292cc.dir/CheckSymbolExists.cxx.o -c /home/sahilsaxena/ros_workspaces/lab4/build/CMakeFiles/CMakeTmp/CheckSymbolExists.cxx
/home/sahilsaxena/ros_workspaces/lab4/build/CMakeFiles/CMakeTmp/CheckSymbolExists.cxx: In function ‘int main(int, char**)’:
/home/sahilsaxena/ros_workspaces/lab4/build/CMakeFiles/CMakeTmp/CheckSymbolExists.cxx:8:19: error: ‘Q_WS_WIN’ was not declared in this scope
   return ((int*)(&Q_WS_WIN))[argc];
                   ^
CMakeFiles/cmTC_292cc.dir/build.make:65: recipe for target 'CMakeFiles/cmTC_292cc.dir/CheckSymbolExists.cxx.o' failed
make[1]: *** [CMakeFiles/cmTC_292cc.dir/CheckSymbolExists.cxx.o] Error 1
make[1]: Leaving directory '/home/sahilsaxena/ros_workspaces/lab4/build/CMakeFiles/CMakeTmp'
Makefile:126: recipe for target 'cmTC_292cc/fast' failed
make: *** [cmTC_292cc/fast] Error 2

File /home/sahilsaxena/ros_workspaces/lab4/build/CMakeFiles/CMakeTmp/CheckSymbolExists.cxx:
/* */
#include <QtCore/qglobal.h>

int main(int argc, char** argv)
{
  (void)argv;
#ifndef Q_WS_WIN
  return ((int*)(&Q_WS_WIN))[argc];
#else
  (void)argc;
  return 0;
#endif
}

Determining if the Q_WS_QWS exist failed with the following output:
Change Dir: /home/sahilsaxena/ros_workspaces/lab4/build/CMakeFiles/CMakeTmp

Run Build Command:"/usr/bin/make" "cmTC_40a72/fast"
/usr/bin/make -f CMakeFiles/cmTC_40a72.dir/build.make CMakeFiles/cmTC_40a72.dir/build
make[1]: Entering directory '/home/sahilsaxena/ros_workspaces/lab4/build/CMakeFiles/CMakeTmp'
Building CXX object CMakeFiles/cmTC_40a72.dir/CheckSymbolExists.cxx.o
/usr/bin/c++    -I/usr/include/qt4   -o CMakeFiles/cmTC_40a72.dir/CheckSymbolExists.cxx.o -c /home/sahilsaxena/ros_workspaces/lab4/build/CMakeFiles/CMakeTmp/CheckSymbolExists.cxx
/home/sahilsaxena/ros_workspaces/lab4/build/CMakeFiles/CMakeTmp/CheckSymbolExists.cxx: In function ‘int main(int, char**)’:
/home/sahilsaxena/ros_workspaces/lab4/build/CMakeFiles/CMakeTmp/CheckSymbolExists.cxx:8:19: error: ‘Q_WS_QWS’ was not declared in this scope
   return ((int*)(&Q_WS_QWS))[argc];
                   ^
CMakeFiles/cmTC_40a72.dir/build.make:65: recipe for target 'CMakeFiles/cmTC_40a72.dir/CheckSymbolExists.cxx.o' failed
make[1]: *** [CMakeFiles/cmTC_40a72.dir/CheckSymbolExists.cxx.o] Error 1
make[1]: Leaving directory '/home/sahilsaxena/ros_workspaces/lab4/build/CMakeFiles/CMakeTmp'
Makefile:126: recipe for target 'cmTC_40a72/fast' failed
make: *** [cmTC_40a72/fast] Error 2

File /home/sahilsaxena/ros_workspaces/lab4/build/CMakeFiles/CMakeTmp/CheckSymbolExists.cxx:
/* */
#include <QtCore/qglobal.h>

int main(int argc, char** argv)
{
  (void)argv;
#ifndef Q_WS_QWS
  return ((int*)(&Q_WS_QWS))[argc];
#else
  (void)argc;
  return 0;
#endif
}

Determining if the Q_WS_MAC exist failed with the following output:
Change Dir: /home/sahilsaxena/ros_workspaces/lab4/build/CMakeFiles/CMakeTmp

Run Build Command:"/usr/bin/make" "cmTC_70bd8/fast"
/usr/bin/make -f CMakeFiles/cmTC_70bd8.dir/build.make CMakeFiles/cmTC_70bd8.dir/build
make[1]: Entering directory '/home/sahilsaxena/ros_workspaces/lab4/build/CMakeFiles/CMakeTmp'
Building CXX object CMakeFiles/cmTC_70bd8.dir/CheckSymbolExists.cxx.o
/usr/bin/c++    -I/usr/include/qt4   -o CMakeFiles/cmTC_70bd8.dir/CheckSymbolExists.cxx.o -c /home/sahilsaxena/ros_workspaces/lab4/build/CMakeFiles/CMakeTmp/CheckSymbolExists.cxx
/home/sahilsaxena/ros_workspaces/lab4/build/CMakeFiles/CMakeTmp/CheckSymbolExists.cxx: In function ‘int main(int, char**)’:
/home/sahilsaxena/ros_workspaces/lab4/build/CMakeFiles/CMakeTmp/CheckSymbolExists.cxx:8:19: error: ‘Q_WS_MAC’ was not declared in this scope
   return ((int*)(&Q_WS_MAC))[argc];
                   ^
CMakeFiles/cmTC_70bd8.dir/build.make:65: recipe for target 'CMakeFiles/cmTC_70bd8.dir/CheckSymbolExists.cxx.o' failed
make[1]: *** [CMakeFiles/cmTC_70bd8.dir/CheckSymbolExists.cxx.o] Error 1
make[1]: Leaving directory '/home/sahilsaxena/ros_workspaces/lab4/build/CMakeFiles/CMakeTmp'
Makefile:126: recipe for target 'cmTC_70bd8/fast' failed
make: *** [cmTC_70bd8/fast] Error 2

File /home/sahilsaxena/ros_workspaces/lab4/build/CMakeFiles/CMakeTmp/CheckSymbolExists.cxx:
/* */
#include <QtCore/qglobal.h>

int main(int argc, char** argv)
{
  (void)argv;
#ifndef Q_WS_MAC
  return ((int*)(&Q_WS_MAC))[argc];
#else
  (void)argc;
  return 0;
#endif
}

